C:\USERS\WANG L\DOCUMENTS\VISUAL STUDIO 2010\PROJECTS\银行管理系统\DEBUG\服务器.EXE
C:\USERS\WANG L\DOCUMENTS\VISUAL STUDIO 2010\PROJECTS\银行管理系统\DEBUG\服务器.ILK
C:\USERS\WANG L\DOCUMENTS\VISUAL STUDIO 2010\PROJECTS\银行管理系统\DEBUG\服务器.PDB
C:\Users\wang l\documents\visual studio 2010\Projects\银行管理系统\银行管理系统\Debug\cl.command.1.tlog
C:\Users\wang l\documents\visual studio 2010\Projects\银行管理系统\银行管理系统\Debug\CL.read.1.tlog
C:\Users\wang l\documents\visual studio 2010\Projects\银行管理系统\银行管理系统\Debug\CL.write.1.tlog
C:\Users\wang l\documents\visual studio 2010\Projects\银行管理系统\银行管理系统\Debug\link.13304.read.1.tlog
C:\Users\wang l\documents\visual studio 2010\Projects\银行管理系统\银行管理系统\Debug\link.13304.write.1.tlog
C:\Users\wang l\documents\visual studio 2010\Projects\银行管理系统\银行管理系统\Debug\link.13304-cvtres.read.1.tlog
C:\Users\wang l\documents\visual studio 2010\Projects\银行管理系统\银行管理系统\Debug\link.13304-cvtres.write.1.tlog
C:\Users\wang l\documents\visual studio 2010\Projects\银行管理系统\银行管理系统\Debug\link.command.1.tlog
C:\Users\wang l\documents\visual studio 2010\Projects\银行管理系统\银行管理系统\Debug\link.read.1.tlog
C:\Users\wang l\documents\visual studio 2010\Projects\银行管理系统\银行管理系统\Debug\link.write.1.tlog
C:\Users\wang l\documents\visual studio 2010\Projects\银行管理系统\银行管理系统\Debug\link-cvtres.read.1.tlog
C:\Users\wang l\documents\visual studio 2010\Projects\银行管理系统\银行管理系统\Debug\link-cvtres.write.1.tlog
C:\Users\wang l\documents\visual studio 2010\Projects\银行管理系统\银行管理系统\Debug\mt.command.1.tlog
C:\Users\wang l\documents\visual studio 2010\Projects\银行管理系统\银行管理系统\Debug\mt.read.1.tlog
C:\Users\wang l\documents\visual studio 2010\Projects\银行管理系统\银行管理系统\Debug\mt.write.1.tlog
C:\Users\wang l\documents\visual studio 2010\Projects\银行管理系统\银行管理系统\Debug\rc.command.1.tlog
C:\Users\wang l\documents\visual studio 2010\Projects\银行管理系统\银行管理系统\Debug\rc.read.1.tlog
C:\Users\wang l\documents\visual studio 2010\Projects\银行管理系统\银行管理系统\Debug\rc.write.1.tlog
C:\USERS\WANG L\DOCUMENTS\VISUAL STUDIO 2010\PROJECTS\银行管理系统\银行管理系统\DEBUG\SERVERSIDE.OBJ
C:\USERS\WANG L\DOCUMENTS\VISUAL STUDIO 2010\PROJECTS\银行管理系统\银行管理系统\DEBUG\STDAFX.OBJ
C:\Users\wang l\documents\visual studio 2010\Projects\银行管理系统\银行管理系统\Debug\vc100.idb
C:\USERS\WANG L\DOCUMENTS\VISUAL STUDIO 2010\PROJECTS\银行管理系统\银行管理系统\DEBUG\VC100.PDB
C:\USERS\WANG L\DOCUMENTS\VISUAL STUDIO 2010\PROJECTS\银行管理系统\银行管理系统\DEBUG\服务器.EXE.EMBED.MANIFEST
C:\USERS\WANG L\DOCUMENTS\VISUAL STUDIO 2010\PROJECTS\银行管理系统\银行管理系统\DEBUG\服务器.EXE.EMBED.MANIFEST.RES
C:\USERS\WANG L\DOCUMENTS\VISUAL STUDIO 2010\PROJECTS\银行管理系统\银行管理系统\DEBUG\服务器.EXE.INTERMEDIATE.MANIFEST
C:\USERS\WANG L\DOCUMENTS\VISUAL STUDIO 2010\PROJECTS\银行管理系统\银行管理系统\DEBUG\服务器.OBJ
C:\USERS\WANG L\DOCUMENTS\VISUAL STUDIO 2010\PROJECTS\银行管理系统\银行管理系统\DEBUG\服务器.PCH
C:\Users\wang l\documents\visual studio 2010\Projects\银行管理系统\银行管理系统\Debug\服务器.write.1.tlog
C:\Users\wang l\documents\visual studio 2010\Projects\银行管理系统\银行管理系统\Debug\服务器_manifest.rc
