生成启动时间为 11/29/2016 5:36:20 PM。
     1>项目“C:\Users\wang l\documents\visual studio 2010\Projects\银行管理系统\银行管理系统\银行管理系统.vcxproj”在节点 2 上(build 个目标)。
     1>InitializeBuildStatus:
         正在创建“Debug\银行管理系统.unsuccessfulbuild”，因为已指定“AlwaysCreate”。
       ClCompile:
         所有输出均为最新。
         E:\visual studio 2010\VC\bin\CL.exe /c /ZI /nologo /W3 /WX- /Od /Oy- /D WIN32 /D _DEBUG /D _CONSOLE /D _UNICODE /D UNICODE /Gm /EHsc /RTC1 /MDd /GS /fp:precise /Zc:wchar_t /Zc:forScope /Yu"StdAfx.h" /Fp"Debug\银行管理系统.pch" /Fo"Debug\\" /Fd"Debug\vc100.pdb" /Gd /TP /analyze- /errorReport:prompt ClientSide.cpp ServerSide.cpp
         ServerSide.cpp
         ClientSide.cpp
         正在生成代码...
     1>c:\users\wang l\documents\visual studio 2010\projects\银行管理系统\银行管理系统\serverside.cpp(32): warning C4715: “ServerSide::FindClient”: 不是所有的控件路径都返回值
       ManifestResourceCompile:
         所有输出均为最新。
       Link:
         E:\visual studio 2010\VC\bin\link.exe /ERRORREPORT:PROMPT /OUT:"C:\Users\wang l\documents\visual studio 2010\Projects\银行管理系统\Debug\银行管理系统.exe" /INCREMENTAL /NOLOGO kernel32.lib user32.lib gdi32.lib winspool.lib comdlg32.lib advapi32.lib shell32.lib ole32.lib oleaut32.lib uuid.lib odbc32.lib odbccp32.lib /MANIFEST /ManifestFile:"Debug\银行管理系统.exe.intermediate.manifest" /MANIFESTUAC:"level='asInvoker' uiAccess='false'" /DEBUG /PDB:"C:\Users\wang l\documents\visual studio 2010\Projects\银行管理系统\Debug\银行管理系统.pdb" /SUBSYSTEM:CONSOLE /TLBID:1 /DYNAMICBASE /NXCOMPAT /IMPLIB:"C:\Users\wang l\documents\visual studio 2010\Projects\银行管理系统\Debug\银行管理系统.lib" /MACHINE:X86 "Debug\银行管理系统.exe.embed.manifest.res"
         Debug\ClientProgress.obj
         Debug\ClientSide.obj
         Debug\ServerProgress.obj
         Debug\ServerSide.obj
         Debug\stdafx.obj
         "Debug\银行管理系统.obj"
       Manifest:
         C:\Program Files (x86)\Microsoft SDKs\Windows\v7.0A\bin\mt.exe /nologo /verbose /out:"Debug\银行管理系统.exe.embed.manifest" /manifest "Debug\银行管理系统.exe.intermediate.manifest"
         所有输出均为最新。
       LinkEmbedManifest:
         所有输出均为最新。
         银行管理系统.vcxproj -> C:\Users\wang l\documents\visual studio 2010\Projects\银行管理系统\Debug\银行管理系统.exe
       FinalizeBuildStatus:
         正在删除文件“Debug\银行管理系统.unsuccessfulbuild”。
         正在对“Debug\银行管理系统.lastbuildstate”执行 Touch 任务。
     1>已完成生成项目“C:\Users\wang l\documents\visual studio 2010\Projects\银行管理系统\银行管理系统\银行管理系统.vcxproj”(build 个目标)的操作。

生成成功。

已用时间 00:00:00.86
