生成启动时间为 12/2/2016 9:21:05 PM。
     1>项目“C:\Users\wang l\documents\visual studio 2010\Projects\银行管理系统\客户端\客户端.vcxproj”在节点 2 上(rebuild 个目标)。
     1>_PrepareForClean:
         正在删除文件“Debug\客户端.lastbuildstate”。
       InitializeBuildStatus:
         正在对“Debug\客户端.unsuccessfulbuild”执行 Touch 任务。
       ClCompile:
         E:\visual studio 2010\VC\bin\CL.exe /c /ZI /nologo /W3 /WX- /Od /Oy- /D WIN32 /D _DEBUG /D _CONSOLE /D _UNICODE /D UNICODE /Gm /EHsc /RTC1 /MDd /GS /fp:precise /Zc:wchar_t /Zc:forScope /Yc"StdAfx.h" /Fp"Debug\客户端.pch" /Fo"Debug\\" /Fd"Debug\vc100.pdb" /Gd /TP /analyze- /errorReport:prompt stdafx.cpp
         stdafx.cpp
         E:\visual studio 2010\VC\bin\CL.exe /c /ZI /nologo /W3 /WX- /Od /Oy- /D WIN32 /D _DEBUG /D _CONSOLE /D _UNICODE /D UNICODE /Gm /EHsc /RTC1 /MDd /GS /fp:precise /Zc:wchar_t /Zc:forScope /Yu"StdAfx.h" /Fp"Debug\客户端.pch" /Fo"Debug\\" /Fd"Debug\vc100.pdb" /Gd /TP /analyze- /errorReport:prompt ClientSide.cpp "客户端.cpp"
         客户端.cpp
         ClientSide.cpp
         正在生成代码...
       ManifestResourceCompile:
         C:\Program Files (x86)\Microsoft SDKs\Windows\v7.0A\bin\rc.exe /nologo /fo"Debug\客户端.exe.embed.manifest.res" "Debug\客户端_manifest.rc" 
       Link:
         E:\visual studio 2010\VC\bin\link.exe /ERRORREPORT:PROMPT /OUT:"C:\Users\wang l\documents\visual studio 2010\Projects\银行管理系统\Debug\客户端.exe" /INCREMENTAL /NOLOGO kernel32.lib user32.lib gdi32.lib winspool.lib comdlg32.lib advapi32.lib shell32.lib ole32.lib oleaut32.lib uuid.lib odbc32.lib odbccp32.lib /MANIFEST /ManifestFile:"Debug\客户端.exe.intermediate.manifest" /MANIFESTUAC:"level='asInvoker' uiAccess='false'" /DEBUG /PDB:"C:\Users\wang l\documents\visual studio 2010\Projects\银行管理系统\Debug\客户端.pdb" /SUBSYSTEM:CONSOLE /TLBID:1 /DYNAMICBASE /NXCOMPAT /IMPLIB:"C:\Users\wang l\documents\visual studio 2010\Projects\银行管理系统\Debug\客户端.lib" /MACHINE:X86 "Debug\客户端.exe.embed.manifest.res"
         Debug\ClientSide.obj
         Debug\stdafx.obj
         "Debug\客户端.obj"
       Manifest:
         正在删除文件“Debug\客户端.exe.embed.manifest”。
         C:\Program Files (x86)\Microsoft SDKs\Windows\v7.0A\bin\mt.exe /nologo /verbose /out:"Debug\客户端.exe.embed.manifest" /manifest "Debug\客户端.exe.intermediate.manifest"
         C:\Program Files (x86)\Microsoft SDKs\Windows\v7.0A\bin\rc.exe /nologo /fo"Debug\客户端.exe.embed.manifest.res" "Debug\客户端_manifest.rc" 
       LinkEmbedManifest:
         E:\visual studio 2010\VC\bin\link.exe /ERRORREPORT:PROMPT /OUT:"C:\Users\wang l\documents\visual studio 2010\Projects\银行管理系统\Debug\客户端.exe" /INCREMENTAL /NOLOGO kernel32.lib user32.lib gdi32.lib winspool.lib comdlg32.lib advapi32.lib shell32.lib ole32.lib oleaut32.lib uuid.lib odbc32.lib odbccp32.lib /MANIFEST /ManifestFile:"Debug\客户端.exe.intermediate.manifest" /MANIFESTUAC:"level='asInvoker' uiAccess='false'" /DEBUG /PDB:"C:\Users\wang l\documents\visual studio 2010\Projects\银行管理系统\Debug\客户端.pdb" /SUBSYSTEM:CONSOLE /TLBID:1 /DYNAMICBASE /NXCOMPAT /IMPLIB:"C:\Users\wang l\documents\visual studio 2010\Projects\银行管理系统\Debug\客户端.lib" /MACHINE:X86 "Debug\客户端.exe.embed.manifest.res"
         Debug\ClientSide.obj
         Debug\stdafx.obj
         "Debug\客户端.obj"
         客户端.vcxproj -> C:\Users\wang l\documents\visual studio 2010\Projects\银行管理系统\Debug\客户端.exe
       FinalizeBuildStatus:
         正在删除文件“Debug\客户端.unsuccessfulbuild”。
         正在对“Debug\客户端.lastbuildstate”执行 Touch 任务。
     1>已完成生成项目“C:\Users\wang l\documents\visual studio 2010\Projects\银行管理系统\客户端\客户端.vcxproj”(rebuild 个目标)的操作。

生成成功。

已用时间 00:00:12.73
