C:\Users\wang l\documents\visual studio 2010\Projects\银行管理系统\Debug\客户端.exe
C:\Users\wang l\documents\visual studio 2010\Projects\银行管理系统\Debug\客户端.ilk
C:\Users\wang l\documents\visual studio 2010\Projects\银行管理系统\Debug\客户端.pdb
C:\Users\wang l\documents\visual studio 2010\Projects\银行管理系统\客户端\Debug\cl.command.1.tlog
C:\Users\wang l\documents\visual studio 2010\Projects\银行管理系统\客户端\Debug\CL.read.1.tlog
C:\Users\wang l\documents\visual studio 2010\Projects\银行管理系统\客户端\Debug\CL.write.1.tlog
C:\USERS\WANG L\DOCUMENTS\VISUAL STUDIO 2010\PROJECTS\银行管理系统\客户端\DEBUG\CLIENTSIDE.OBJ
C:\Users\wang l\documents\visual studio 2010\Projects\银行管理系统\客户端\Debug\link.command.1.tlog
C:\Users\wang l\documents\visual studio 2010\Projects\银行管理系统\客户端\Debug\link.read.1.tlog
C:\Users\wang l\documents\visual studio 2010\Projects\银行管理系统\客户端\Debug\link.write.1.tlog
C:\Users\wang l\documents\visual studio 2010\Projects\银行管理系统\客户端\Debug\link-cvtres.read.1.tlog
C:\Users\wang l\documents\visual studio 2010\Projects\银行管理系统\客户端\Debug\link-cvtres.write.1.tlog
C:\Users\wang l\documents\visual studio 2010\Projects\银行管理系统\客户端\Debug\mt.command.1.tlog
C:\Users\wang l\documents\visual studio 2010\Projects\银行管理系统\客户端\Debug\mt.read.1.tlog
C:\Users\wang l\documents\visual studio 2010\Projects\银行管理系统\客户端\Debug\mt.write.1.tlog
C:\Users\wang l\documents\visual studio 2010\Projects\银行管理系统\客户端\Debug\rc.command.1.tlog
C:\Users\wang l\documents\visual studio 2010\Projects\银行管理系统\客户端\Debug\rc.read.1.tlog
C:\Users\wang l\documents\visual studio 2010\Projects\银行管理系统\客户端\Debug\rc.write.1.tlog
C:\USERS\WANG L\DOCUMENTS\VISUAL STUDIO 2010\PROJECTS\银行管理系统\客户端\DEBUG\STDAFX.OBJ
C:\Users\wang l\documents\visual studio 2010\Projects\银行管理系统\客户端\Debug\vc100.idb
C:\USERS\WANG L\DOCUMENTS\VISUAL STUDIO 2010\PROJECTS\银行管理系统\客户端\DEBUG\VC100.PDB
C:\USERS\WANG L\DOCUMENTS\VISUAL STUDIO 2010\PROJECTS\银行管理系统\客户端\DEBUG\客户端.EXE.EMBED.MANIFEST
C:\USERS\WANG L\DOCUMENTS\VISUAL STUDIO 2010\PROJECTS\银行管理系统\客户端\DEBUG\客户端.EXE.EMBED.MANIFEST.RES
C:\Users\wang l\documents\visual studio 2010\Projects\银行管理系统\客户端\Debug\客户端.exe.intermediate.manifest
C:\USERS\WANG L\DOCUMENTS\VISUAL STUDIO 2010\PROJECTS\银行管理系统\客户端\DEBUG\客户端.OBJ
C:\USERS\WANG L\DOCUMENTS\VISUAL STUDIO 2010\PROJECTS\银行管理系统\客户端\DEBUG\客户端.PCH
C:\Users\wang l\documents\visual studio 2010\Projects\银行管理系统\客户端\Debug\客户端.write.1.tlog
C:\Users\wang l\documents\visual studio 2010\Projects\银行管理系统\客户端\Debug\客户端_manifest.rc
